<?xml version="1.0" encoding="utf-8" standalone="no"?>
<!--This file represents the results of running a test suite-->
<test-results name="C:\Users\rafal.szypulewski\Documents\AutomationFramework\Automation\Automation\bin\Debug\Automation.dll" total="1" errors="1" failures="0" not-run="0" inconclusive="0" ignored="0" skipped="0" invalid="0" date="2017-06-26" time="14:52:54">
  <environment nunit-version="2.6.4.14350" clr-version="2.0.50727.8784" os-version="Microsoft Windows NT 6.2.9200.0" platform="Win32NT" cwd="C:\Program Files (x86)\NUnit 2.6.4\bin" machine-name="WS-2L55R72" user="rafal.szypulewski" user-domain="SMTSOFTWARE" />
  <culture-info current-culture="pl-PL" current-uiculture="en-US" />
  <test-suite type="Assembly" name="C:\Users\rafal.szypulewski\Documents\AutomationFramework\Automation\Automation\bin\Debug\Automation.dll" executed="True" result="Failure" success="False" time="25.077" asserts="0">
    <results>
      <test-suite type="SetUpFixture" name="Automation" executed="True" result="Failure" success="False" time="25.068" asserts="0">
        <results>
          <test-suite type="Namespace" name="Tests" executed="True" result="Failure" success="False" time="21.989" asserts="0">
            <results>
              <test-suite type="TestFixture" name="LoginTest" executed="True" result="Failure" success="False" time="21.988" asserts="0">
                <results>
                  <test-case name="Automation.Tests.LoginTest.BadEmailAddressTest" executed="True" result="Error" success="False" time="21.938" asserts="0">
                    <failure>
                      <message><![CDATA[OpenQA.Selenium.WebDriverTimeoutException : Timed out after 10 seconds
  ----> OpenQA.Selenium.NoSuchElementException : no such element: Unable to locate element: {"method":"id","selector":"usernameFieldId"}
  (Session info: chrome=58.0.3029.110)
  (Driver info: chromedriver=2.30.477700 (0057494ad8732195794a7b32078424f92a5fce41),platform=Windows NT 10.0.15063 x86_64)]]></message>
                      <stack-trace><![CDATA[at OpenQA.Selenium.Support.UI.DefaultWait`1.ThrowTimeoutException(String exceptionMessage, Exception lastException)
at OpenQA.Selenium.Support.UI.DefaultWait`1.Until[TResult](Func`2 condition)
at Automation.PageObjects.LoginPage..ctor(IWebDriver driver) in C:\Users\rafal.szypulewski\Documents\AutomationFramework\Automation\Automation\PageObjects\LoginPage.cs:line 26
at Automation.Tests.LoginTest.BadEmailAddressTest() in C:\Users\rafal.szypulewski\Documents\AutomationFramework\Automation\Automation\Tests\LoginTest.cs:line 33
--NoSuchElementException
at OpenQA.Selenium.Remote.RemoteWebDriver.UnpackAndThrowOnError(Response errorResponse)
at OpenQA.Selenium.Remote.RemoteWebDriver.Execute(String driverCommandToExecute, Dictionary`2 parameters)
at OpenQA.Selenium.Remote.RemoteWebDriver.FindElement(String mechanism, String value)
at Automation.PageObjects.LoginPage.<>c.<.ctor>b__9_0(IWebDriver d) in C:\Users\rafal.szypulewski\Documents\AutomationFramework\Automation\Automation\PageObjects\LoginPage.cs:line 26
at OpenQA.Selenium.Support.UI.DefaultWait`1.Until[TResult](Func`2 condition)
]]></stack-trace>
                    </failure>
                  </test-case>
                </results>
              </test-suite>
            </results>
          </test-suite>
        </results>
      </test-suite>
    </results>
  </test-suite>
</test-results>